npm error code ERESOLVE
npm error ERESOLVE unable to resolve dependency tree
npm error
npm error While resolving: gestion-tareas@0.0.0
npm error Found: @angular-devkit/build-angular@12.2.18
npm error node_modules/@angular-devkit/build-angular
npm error   dev @angular-devkit/build-angular@"~12.2.18" from the root project
npm error
npm error Could not resolve dependency:
npm error peer @angular-devkit/build-angular@">=15.0.0 < 20.0.0" from @storybook/angular@8.6.4
npm error node_modules/@storybook/angular
npm error   dev @storybook/angular@"8.6.4" from the root project
npm error
npm error Fix the upstream dependency conflict, or retry
npm error this command with --force or --legacy-peer-deps
npm error to accept an incorrect (and potentially broken) dependency resolution.
npm error
npm error
npm error For a full report see:
npm error C:\Users\Personal\AppData\Local\npm-cache\_logs\2025-03-06T05_35_08_064Z-eresolve-report.txt
npm error A complete log of this run can be found in: C:\Users\Personal\AppData\Local\npm-cache\_logs\2025-03-06T05_35_08_064Z-debug-0.log
